<?xml version="1.0" encoding="UTF-8"?>
<testsuite xmlns:xsi="http://www.w3.org/2001/XMLSchema-instance" xsi:noNamespaceSchemaLocation="https://maven.apache.org/surefire/maven-surefire-plugin/xsd/surefire-test-report.xsd" version="3.0.2" name="com.peertopeer.PeerToPeerApplicationTests" time="11.923" tests="1" errors="0" skipped="0" failures="0">
  <properties>
[...]
</properties>
  <testcase name="contextLoads" classname="com.peertopeer.PeerToPeerApplicationTests" time="0.606">
    <system-out><![CDATA[10:57:01.370 [main] INFO org.springframework.test.context.support.AnnotationConfigContextLoaderUtils -- Could not detect default configuration classes for test class [com.peertopeer.PeerToPeerApplicationTests]: PeerToPeerApplicationTests does not declare any static, non-private, non-final, nested classes annotated with @Configuration.
10:57:01.581 [main] INFO org.springframework.boot.test.context.SpringBootTestContextBootstrapper -- Found @SpringBootConfiguration com.peertopeer.PeerToPeerApplication for test class com.peertopeer.PeerToPeerApplicationTests

  .   ____          _            __ _ _
 /\\ / ___'_ __ _ _(_)_ __  __ _ \ \ \ \
( ( )\___ | '_ | '_| | '_ \/ _` | \ \ \ \
 \\/  ___)| |_)| | | | | || (_| |  ) ) ) )
  '  |____| .__|_| |_|_| |_\__, | / / / /
 =========|_|==============|___/=/_/_/_/

 :: Spring Boot ::                (v3.5.0)

2025-06-17T10:57:02.455+05:30  INFO 2844 --- [peer-to-peer] [           main] c.peertopeer.PeerToPeerApplicationTests  : Starting PeerToPeerApplicationTests using Java 21.0.4 with PID 2844 (started by user in /Users/user/Downloads/peer-to-peer)
2025-06-17T10:57:02.456+05:30  INFO 2844 --- [peer-to-peer] [           main] c.peertopeer.PeerToPeerApplicationTests  : No active profile set, falling back to 1 default profile: "default"
2025-06-17T10:57:04.028+05:30  INFO 2844 --- [peer-to-peer] [           main] .s.d.r.c.RepositoryConfigurationDelegate : Bootstrapping Spring Data JPA repositories in DEFAULT mode.
2025-06-17T10:57:04.108+05:30  INFO 2844 --- [peer-to-peer] [           main] .s.d.r.c.RepositoryConfigurationDelegate : Finished Spring Data repository scanning in 67 ms. Found 5 JPA repository interfaces.
2025-06-17T10:57:04.859+05:30  INFO 2844 --- [peer-to-peer] [           main] o.hibernate.jpa.internal.util.LogHelper  : HHH000204: Processing PersistenceUnitInfo [name: default]
2025-06-17T10:57:04.952+05:30  INFO 2844 --- [peer-to-peer] [           main] org.hibernate.Version                    : HHH000412: Hibernate ORM core version 6.6.15.Final
2025-06-17T10:57:05.033+05:30  INFO 2844 --- [peer-to-peer] [           main] o.h.c.internal.RegionFactoryInitiator    : HHH000026: Second-level cache disabled
2025-06-17T10:57:05.574+05:30  INFO 2844 --- [peer-to-peer] [           main] o.s.o.j.p.SpringPersistenceUnitInfo      : No LoadTimeWeaver setup: ignoring JPA class transformer
2025-06-17T10:57:05.637+05:30  INFO 2844 --- [peer-to-peer] [           main] com.zaxxer.hikari.HikariDataSource       : HikariPool-1 - Starting...
2025-06-17T10:57:06.488+05:30  INFO 2844 --- [peer-to-peer] [           main] com.zaxxer.hikari.pool.HikariPool        : HikariPool-1 - Added connection org.postgresql.jdbc.PgConnection@21c34bf8
2025-06-17T10:57:06.490+05:30  INFO 2844 --- [peer-to-peer] [           main] com.zaxxer.hikari.HikariDataSource       : HikariPool-1 - Start completed.
2025-06-17T10:57:06.771+05:30  WARN 2844 --- [peer-to-peer] [           main] org.hibernate.orm.deprecation            : HHH90000025: PostgreSQLDialect does not need to be specified explicitly using 'hibernate.dialect' (remove the property setting and it will be selected by default)
2025-06-17T10:57:06.892+05:30  INFO 2844 --- [peer-to-peer] [           main] org.hibernate.orm.connections.pooling    : HHH10001005: Database info:
	Database JDBC URL [Connecting through datasource 'HikariDataSource (HikariPool-1)']
	Database driver: undefined/unknown
	Database version: 15.5
	Autocommit mode: undefined/unknown
	Isolation level: undefined/unknown
	Minimum pool size: undefined/unknown
	Maximum pool size: undefined/unknown
2025-06-17T10:57:08.571+05:30  INFO 2844 --- [peer-to-peer] [           main] o.h.e.t.j.p.i.JtaPlatformInitiator       : HHH000489: No JTA platform available (set 'hibernate.transaction.jta.platform' to enable JTA platform integration)
2025-06-17T10:57:08.907+05:30  INFO 2844 --- [peer-to-peer] [           main] j.LocalContainerEntityManagerFactoryBean : Initialized JPA EntityManagerFactory for persistence unit 'default'
2025-06-17T10:57:09.306+05:30  INFO 2844 --- [peer-to-peer] [           main] o.s.d.j.r.query.QueryEnhancerFactory     : Hibernate is in classpath; If applicable, HQL parser will be used.
2025-06-17T10:57:11.078+05:30  WARN 2844 --- [peer-to-peer] [           main] JpaBaseConfiguration$JpaWebConfiguration : spring.jpa.open-in-view is enabled by default. Therefore, database queries may be performed during view rendering. Explicitly configure spring.jpa.open-in-view to disable this warning
2025-06-17T10:57:11.109+05:30  INFO 2844 --- [peer-to-peer] [           main] o.s.b.a.w.s.WelcomePageHandlerMapping    : Adding welcome page template: index
2025-06-17T10:57:12.159+05:30  INFO 2844 --- [peer-to-peer] [           main] o.s.b.a.e.web.EndpointLinksResolver      : Exposing 1 endpoint beneath base path '/actuator'
2025-06-17T10:57:12.267+05:30  INFO 2844 --- [peer-to-peer] [           main] c.peertopeer.PeerToPeerApplicationTests  : Started PeerToPeerApplicationTests in 10.394 seconds (process running for 12.032)
]]></system-out>
    <system-err><![CDATA[Mockito is currently self-attaching to enable the inline-mock-maker. This will no longer work in future releases of the JDK. Please add Mockito as an agent to your build as described in Mockito's documentation: https://javadoc.io/doc/org.mockito/mockito-core/latest/org.mockito/org/mockito/Mockito.html#0.3
WARNING: A Java agent has been loaded dynamically (/Users/user/.m2/repository/net/bytebuddy/byte-buddy-agent/1.17.5/byte-buddy-agent-1.17.5.jar)
WARNING: If a serviceability tool is in use, please run with -XX:+EnableDynamicAgentLoading to hide this warning
WARNING: If a serviceability tool is not in use, please run with -Djdk.instrument.traceUsage for more information
WARNING: Dynamic loading of agents will be disallowed by default in a future release
]]></system-err>
  </testcase>
</testsuite>